<?xml version="1.0" encoding="UTF-8"?>
<!-- Generated by org.testng.reporters.JUnitXMLReporter -->
<testsuite ignored="0" hostname="DESKTOP-CQ8NNEE" failures="0" tests="1" name="Default test" time="0.054" errors="0" timestamp="2024-06-15T16:57:20 IST">
  <testcase classname="test.VerifyAdminFlow" name="@BeforeTest launchBrowser" time="-1.718450840359E9">
    <failure type="org.testng.TestNGException" message="
Parameter &amp;apos;browser&amp;apos; is required by BeforeTest on method launchBrowser but has not been marked @Optional or defined
in C:\Users\Admin\AppData\Local\Temp\testng-eclipse-1849518049\testng-customsuite.xml">
      <![CDATA[org.testng.TestNGException: 
Parameter 'browser' is required by BeforeTest on method launchBrowser but has not been marked @Optional or defined
in C:\Users\Admin\AppData\Local\Temp\testng-eclipse-1849518049\testng-customsuite.xml
at org.testng.internal.Parameters.createParams(Parameters.java:270)
at org.testng.internal.Parameters.createParametersForMethod(Parameters.java:358)
at org.testng.internal.Parameters.createParameters(Parameters.java:700)
at org.testng.internal.Parameters.createConfigurationParameters(Parameters.java:168)
at org.testng.internal.ConfigInvoker.invokeConfigurations(ConfigInvoker.java:302)
at org.testng.TestRunner.invokeTestConfigurations(TestRunner.java:637)
at org.testng.TestRunner.beforeRun(TestRunner.java:627)
at org.testng.TestRunner.run(TestRunner.java:589)
at org.testng.SuiteRunner.runTest(SuiteRunner.java:377)
at org.testng.SuiteRunner.runSequentially(SuiteRunner.java:371)
at org.testng.SuiteRunner.privateRun(SuiteRunner.java:332)
at org.testng.SuiteRunner.run(SuiteRunner.java:276)
at org.testng.SuiteRunnerWorker.runSuite(SuiteRunnerWorker.java:53)
at org.testng.SuiteRunnerWorker.run(SuiteRunnerWorker.java:96)
at org.testng.TestNG.runSuitesSequentially(TestNG.java:1212)
at org.testng.TestNG.runSuitesLocally(TestNG.java:1134)
at org.testng.TestNG.runSuites(TestNG.java:1063)
at org.testng.TestNG.run(TestNG.java:1031)
at org.testng.remote.AbstractRemoteTestNG.run(AbstractRemoteTestNG.java:115)
at org.testng.remote.RemoteTestNG.initAndRun(RemoteTestNG.java:293)
at org.testng.remote.RemoteTestNG.main(RemoteTestNG.java:91)
]]>
    </failure>
  </testcase> <!-- @BeforeTest launchBrowser -->
  <testcase classname="test.VerifyAdminFlow" name="@BeforeClass pomObjects" time="-1.718450840384E9">
    <skipped/>
  </testcase> <!-- @BeforeClass pomObjects -->
  <testcase classname="test.VerifyAdminFlow" name="@BeforeMethod loginInOrangeHRM" time="-1.718450840398E9">
    <skipped/>
  </testcase> <!-- @BeforeMethod loginInOrangeHRM -->
  <testcase classname="test.VerifyAdminFlow" name="@AfterMethod logoutFromOrangeHRM" time="-1.718450840405E9">
    <skipped/>
  </testcase> <!-- @AfterMethod logoutFromOrangeHRM -->
  <testcase classname="test.VerifyAdminFlow" name="@AfterClass nullAllPomObjects" time="-1.718450840406E9">
    <skipped/>
  </testcase> <!-- @AfterClass nullAllPomObjects -->
  <testcase classname="test.VerifyAdminFlow" name="@AfterTest closeBrowser" time="-1.718450840408E9">
    <skipped/>
  </testcase> <!-- @AfterTest closeBrowser -->
  <testcase classname="test.VerifyAdminFlow" name="verifyAdminModuleFlow" time="0.002">
    <skipped/>
  </testcase> <!-- verifyAdminModuleFlow -->
</testsuite> <!-- Default test -->
