<?xml version="1.0" encoding="UTF-8"?>
<!-- Generated by org.testng.reporters.JUnitXMLReporter -->
<testsuite ignored="0" hostname="DESKTOP-CQ8NNEE" failures="0" tests="1" name="Test" time="0.062" errors="0" timestamp="2024-06-15T14:15:26 IST">
  <testcase classname="test.VerifyAdminFlow" name="@BeforeTest launchBrowser" time="-1.718441126516E9">
    <failure type="org.testng.TestNGException" message="
Parameter &amp;apos;browser&amp;apos; is required by BeforeTest on method launchBrowser but has not been marked @Optional or defined
in C:\Users\Admin\eclipse-workspace\OrangeHRM\testng.xml">
      <![CDATA[org.testng.TestNGException: 
Parameter 'browser' is required by BeforeTest on method launchBrowser but has not been marked @Optional or defined
in C:\Users\Admin\eclipse-workspace\OrangeHRM\testng.xml
... Removed 21 stack frames]]>
    </failure>
  </testcase> <!-- @BeforeTest launchBrowser -->
  <testcase classname="test.VerifyAdminFlow" name="@BeforeClass pomObjects" time="-1.718441126542E9">
    <skipped/>
  </testcase> <!-- @BeforeClass pomObjects -->
  <testcase classname="test.VerifyAdminFlow" name="@BeforeMethod loginInOrangeHRM" time="-1.718441126558E9">
    <skipped/>
  </testcase> <!-- @BeforeMethod loginInOrangeHRM -->
  <testcase classname="test.VerifyAdminFlow" name="@AfterMethod logoutFromOrangeHRM" time="-1.718441126566E9">
    <skipped/>
  </testcase> <!-- @AfterMethod logoutFromOrangeHRM -->
  <testcase classname="test.VerifyAdminFlow" name="@AfterClass nullAllPomObjects" time="-1.718441126568E9">
    <skipped/>
  </testcase> <!-- @AfterClass nullAllPomObjects -->
  <testcase classname="test.VerifyAdminFlow" name="@AfterTest closeBrowser" time="-1.718441126571E9">
    <skipped/>
  </testcase> <!-- @AfterTest closeBrowser -->
  <testcase classname="test.VerifyAdminFlow" name="verifyAdminModuleFlow" time="0.0">
    <skipped/>
  </testcase> <!-- verifyAdminModuleFlow -->
</testsuite> <!-- Test -->
